<?xml version="1.0" encoding="UTF-8"?>
<!-- Generated by org.testng.reporters.JUnitXMLReporter -->
<testsuite ignored="0" hostname="Vishnu-Dell" failures="0" tests="4" name="Login Test Cases" time="36.105" errors="0" timestamp="2022-05-28T21:49:09 IST">
  <testcase classname="LoginTestCases.BothCorrect" name="loginWithBothCrct" time="9.831"/>
  <testcase classname="LoginTestCases.BothInCorrect" name="loginWithBothCrct" time="8.261"/>
  <testcase classname="LoginTestCases.CorrectPassword" name="loginWithCrctPass" time="8.983"/>
  <testcase classname="LoginTestCases.CorrectUsername" name="loginWithCrctUsername" time="8.974"/>
</testsuite> <!-- Login Test Cases -->
