<?xml version="1.0" encoding="UTF-8"?>
<!-- Generated by org.testng.reporters.JUnitXMLReporter -->
<testsuite ignored="0" hostname="Vishnu-Dell" failures="0" tests="4" name="Test case" time="14.955" errors="0" timestamp="2022-06-05T16:57:13 IST">
  <testcase classname="LoginTestCases.Login" name="login" time="2.396"/>
  <testcase classname="LoginTestCases.Login" name="login" time="1.948"/>
  <testcase classname="LoginTestCases.Login" name="login" time="1.596"/>
  <testcase classname="LoginTestCases.Login" name="login" time="1.652"/>
</testsuite> <!-- Test case -->
