<?xml version="1.0" encoding="UTF-8"?>
<!-- Generated by org.testng.reporters.JUnitXMLReporter -->
<testsuite ignored="0" hostname="Vishnu-Dell" failures="0" tests="4" name="Default test" time="17.14" errors="0" timestamp="2022-05-29T12:01:46 IST">
  <testcase classname="LoginTestCases.Login" name="login" time="2.554"/>
  <testcase classname="LoginTestCases.Login" name="login" time="1.784"/>
  <testcase classname="LoginTestCases.Login" name="login" time="1.735"/>
  <testcase classname="LoginTestCases.Login" name="login" time="1.587"/>
</testsuite> <!-- Default test -->
