<?xml version="1.0" encoding="UTF-8"?>
<testng-results ignored="0" total="4" passed="4" failed="0" skipped="0">
  <reporter-output>
  </reporter-output>
  <suite started-at="2022-06-05T16:56:58 IST" name="Test suite" finished-at="2022-06-05T16:57:13 IST" duration-ms="14955">
    <groups>
    </groups>
    <test started-at="2022-06-05T16:56:58 IST" name="Test case" finished-at="2022-06-05T16:57:13 IST" duration-ms="14955">
      <class name="LoginTestCases.Login">
        <test-method is-config="true" signature="beforeTest()[pri:0, instance:LoginTestCases.Login@48974e45]" started-at="2022-06-05T16:56:58 IST" name="beforeTest" finished-at="2022-06-05T16:57:05 IST" duration-ms="6815" status="PASS">
          <reporter-output>
          </reporter-output>
        </test-method> <!-- beforeTest -->
        <test-method signature="login(java.lang.String,java.lang.String)[pri:0, instance:LoginTestCases.Login@48974e45]" started-at="2022-06-05T16:57:05 IST" name="login" data-provider="loginData" finished-at="2022-06-05T16:57:08 IST" duration-ms="2396" status="PASS">
          <params>
            <param index="0">
              <value>
                <![CDATA[Admin]]>
              </value>
            </param>
            <param index="1">
              <value>
                <![CDATA[admin]]>
              </value>
            </param>
          </params>
          <reporter-output>
          </reporter-output>
        </test-method> <!-- login -->
        <test-method signature="login(java.lang.String,java.lang.String)[pri:0, instance:LoginTestCases.Login@48974e45]" started-at="2022-06-05T16:57:08 IST" name="login" data-provider="loginData" finished-at="2022-06-05T16:57:10 IST" duration-ms="1948" status="PASS">
          <params>
            <param index="0">
              <value>
                <![CDATA[Admin]]>
              </value>
            </param>
            <param index="1">
              <value>
                <![CDATA[admin1]]>
              </value>
            </param>
          </params>
          <reporter-output>
          </reporter-output>
        </test-method> <!-- login -->
        <test-method signature="login(java.lang.String,java.lang.String)[pri:0, instance:LoginTestCases.Login@48974e45]" started-at="2022-06-05T16:57:10 IST" name="login" data-provider="loginData" finished-at="2022-06-05T16:57:11 IST" duration-ms="1596" status="PASS">
          <params>
            <param index="0">
              <value>
                <![CDATA[Admin1]]>
              </value>
            </param>
            <param index="1">
              <value>
                <![CDATA[admin]]>
              </value>
            </param>
          </params>
          <reporter-output>
          </reporter-output>
        </test-method> <!-- login -->
        <test-method signature="login(java.lang.String,java.lang.String)[pri:0, instance:LoginTestCases.Login@48974e45]" started-at="2022-06-05T16:57:11 IST" name="login" data-provider="loginData" finished-at="2022-06-05T16:57:13 IST" duration-ms="1652" status="PASS">
          <params>
            <param index="0">
              <value>
                <![CDATA[Admin1]]>
              </value>
            </param>
            <param index="1">
              <value>
                <![CDATA[admin1]]>
              </value>
            </param>
          </params>
          <reporter-output>
          </reporter-output>
        </test-method> <!-- login -->
        <test-method is-config="true" signature="afterTest()[pri:0, instance:LoginTestCases.Login@48974e45]" started-at="2022-06-05T16:57:13 IST" name="afterTest" finished-at="2022-06-05T16:57:13 IST" duration-ms="329" status="PASS">
          <reporter-output>
          </reporter-output>
        </test-method> <!-- afterTest -->
      </class> <!-- LoginTestCases.Login -->
    </test> <!-- Test case -->
  </suite> <!-- Test suite -->
</testng-results>
